message: Customer updated successfully. code: 0, at 2024-10-15 13:12:11.1357002 +0530 IST m=+12.552637901
message: Customer updated successfully. code: 0, at 2024-10-15 13:12:18.2572916 +0530 IST m=+19.674229301
message: Customer updated successfully. code: 0, at 2024-10-15 13:13:57.2247576 +0530 IST m=+5.902446301
message: Customer updated successfully. code: 0, at 2024-10-15 13:14:03.9060164 +0530 IST m=+12.583705101
message: Customer updated successfully. code: 0, at 2024-10-15 13:14:06.1421807 +0530 IST m=+14.819869401
message: Customer updated successfully. code: 0, at 2024-10-15 13:14:51.50742 +0530 IST m=+8.664021201
message: Failed to parse Excel file.Error occurred while reading row of excel file. code: 2000, at 2024-10-15 13:20:48.2138675 +0530 IST m=+16.148717001
message: Customer updated successfully. code: 0, at 2024-10-15 13:47:08.2793883 +0530 IST m=+14.514160401
message: Customer deleted successfully. code: 0, at 2024-10-15 13:47:32.1422147 +0530 IST m=+38.376986801
message: Save customers successfully. code: 0, at 2024-10-15 13:53:01.9656011 +0530 IST m=+26.757471001
message: Error occurred while saving customer.Error 1040: Too many connections code: 2000, at 2024-10-15 13:53:50.176796 +0530 IST m=+74.968665901
message: Save customers successfully. code: 0, at 2024-10-15 13:58:06.7358382 +0530 IST m=+7.558184301
message: Save customers successfully. code: 0, at 2024-10-15 13:59:35.2273119 +0530 IST m=+7.951836601
message: Save customers successfully. code: 0, at 2024-10-15 14:00:43.9249747 +0530 IST m=+8.481835901
message: Failed to parse Excel file.Email is invalid. code: 3000, at 2024-10-15 14:05:42.901502 +0530 IST m=+67.988475401
message: Failed to parse Excel file.Phone is invalid. code: 3000, at 2024-10-15 14:15:33.6249628 +0530 IST m=+34.763688201
message: Failed to parse Excel file.Phone is invalid. code: 3000, at 2024-10-15 14:16:17.0281938 +0530 IST m=+78.166919201
message: Failed to parse Excel file.Phone is invalid. code: 3000, at 2024-10-15 14:16:37.9594902 +0530 IST m=+9.923559901
message: Save customers successfully. code: 0, at 2024-10-15 14:17:21.451774 +0530 IST m=+9.579812701
message: Error occurred while saving customer.Error 1040: Too many connections code: 2000, at 2024-10-15 14:17:25.9622239 +0530 IST m=+14.090262601
message: Save customers successfully. code: 0, at 2024-10-15 14:19:07.1086726 +0530 IST m=+17.079155601
message: Error occurred while saving customer.Error 1040: Too many connections code: 2000, at 2024-10-15 14:19:11.1565356 +0530 IST m=+21.127018601
message: Error occurred while saving customer.sql: database is closed code: 2000, at 2024-10-15 14:23:23.3760675 +0530 IST m=+58.304602701
message: Error occurred while saving customer.sql: database is closed code: 2000, at 2024-10-15 14:26:19.4568722 +0530 IST m=+16.373854601
message: Error occurred while saving customer.sql: database is closed code: 2000, at 2024-10-15 14:26:21.6901478 +0530 IST m=+18.607130201
message: Save customers successfully. code: 0, at 2024-10-15 14:28:14.2614497 +0530 IST m=+11.218619001
message: Error occurred while saving customer.Error 1040: Too many connections code: 2000, at 2024-10-15 14:28:37.9280118 +0530 IST m=+34.885181101
message: Save customers successfully. code: 0, at 2024-10-15 14:29:46.5447821 +0530 IST m=+16.921078601
message: Save customers successfully. code: 0, at 2024-10-15 14:29:51.4427917 +0530 IST m=+21.819088201
message: Save customers successfully. code: 0, at 2024-10-15 14:29:54.5973332 +0530 IST m=+24.973629701
message: Save customers successfully. code: 0, at 2024-10-15 14:29:57.0720955 +0530 IST m=+27.448392001
message: Save customers successfully. code: 0, at 2024-10-15 14:29:59.5401283 +0530 IST m=+29.916424801
message: Save customers successfully. code: 0, at 2024-10-15 14:30:37.314732 +0530 IST m=+67.691028501
message: Save customers successfully. code: 0, at 2024-10-15 14:30:45.9212512 +0530 IST m=+76.297547701
